<?xml version="1.0" encoding="UTF-8"?>
<testng-results skipped="0" failed="0" ignored="0" total="1" passed="1">
  <reporter-output>
  </reporter-output>
  <suite name="Default suite" duration-ms="14302" started-at="2020-12-19T11:05:12Z" finished-at="2020-12-19T11:05:26Z">
    <groups>
    </groups>
    <test name="Default test" duration-ms="14302" started-at="2020-12-19T11:05:12Z" finished-at="2020-12-19T11:05:26Z">
      <class name="com.Google.Test.GET_HeaderTest_Google">
        <test-method status="PASS" signature="googleMapTest()[pri:0, instance:com.Google.Test.GET_HeaderTest_Google@475530b9]" name="googleMapTest" duration-ms="14115" started-at="2020-12-19T11:05:12Z" finished-at="2020-12-19T11:05:26Z">
          <reporter-output>
          </reporter-output>
        </test-method> <!-- googleMapTest -->
      </class> <!-- com.Google.Test.GET_HeaderTest_Google -->
    </test> <!-- Default test -->
  </suite> <!-- Default suite -->
</testng-results>
